[+] Containers:
 |- [+] Container: /Game/FirstPerson/Maps/FirstPersonMap
 |   |- [+] ActorDescs:
 |   |   |- Guid:02191B3C46F31CF7D6633CBA17565F26 NativeClass:/Script/Engine.StaticMeshActor Name:StaticMeshActor_UAID_74563C2BF55390C002_1193002594 Label:Intento_Block_out_V2_UVs_Hechas_Pared_Basica_V5 SpatiallyLoaded:true EditorBounds:IsValid=true, Min=(X=1269.969 Y=1253.000 Z=0.000), Max=(X=1470.000 Y=1255.000 Z=250.000) RuntimeBounds:IsValid=true, Min=(X=1269.969 Y=1253.000 Z=0.000), Max=(X=1470.000 Y=1255.000 Z=250.000) RuntimeGrid:None EditorOnly:false RuntimeOnly:false HLODRelevant:true ListedInSceneOutliner:true IsMainWorldOnly:false
 |   |   |- Guid:06D94AC149835922218D7386635A846F NativeClass:/Script/Engine.StaticMeshActor Name:StaticMeshActor_UAID_74563C2BF55390C002_1349031604 Label:Suelo_M_1 SpatiallyLoaded:true EditorBounds:IsValid=true, Min=(X=1370.000 Y=1160.000 Z=-0.000), Max=(X=1570.000 Y=1260.000 Z=0.000) RuntimeBounds:IsValid=true, Min=(X=1370.000 Y=1160.000 Z=-0.000), Max=(X=1570.000 Y=1260.000 Z=0.000) RuntimeGrid:None EditorOnly:false RuntimeOnly:false HLODRelevant:true ListedInSceneOutliner:true IsMainWorldOnly:false
 |   |   |- Guid:0CC4AA4E4F56A064AE23A9B302B1914F NativeClass:/Script/Engine.StaticMeshActor Name:StaticMeshActor_UAID_74563C2BF55390C002_1334860600 Label:Suelo_3 SpatiallyLoaded:true EditorBounds:IsValid=true, Min=(X=1370.000 Y=960.000 Z=-0.000), Max=(X=1570.000 Y=1160.000 Z=0.000) RuntimeBounds:IsValid=true, Min=(X=1370.000 Y=960.000 Z=-0.000), Max=(X=1570.000 Y=1160.000 Z=0.000) RuntimeGrid:None EditorOnly:false RuntimeOnly:false HLODRelevant:true ListedInSceneOutliner:true IsMainWorldOnly:false
 |   |   |- Guid:17834A2B436FF60CC4C304A4E362F997 NativeClass:/Script/Engine.StaticMeshActor Name:StaticMeshActor_UAID_74563C2BF55390C002_1199267596 Label:Intento_Block_out_V2_UVs_Hechas_Pared_Esqui_Basica2 SpatiallyLoaded:true EditorBounds:IsValid=true, Min=(X=1670.000 Y=1160.000 Z=0.000), Max=(X=1765.000 Y=1255.000 Z=250.000) RuntimeBounds:IsValid=true, Min=(X=1670.000 Y=1160.000 Z=0.000), Max=(X=1765.000 Y=1255.000 Z=250.000) RuntimeGrid:None EditorOnly:false RuntimeOnly:false HLODRelevant:true ListedInSceneOutliner:true IsMainWorldOnly:false
 |   |   |- Guid:1A72254D4F54BAF867B1B9808947BC2A NativeClass:/Script/Engine.StaticMeshActor Name:StaticMeshActor_UAID_74563C2BF55390C002_1171360592 Label:Intento_Block_out_V2_UVs_Hechas_Pared_Diagonal_V3 SpatiallyLoaded:true EditorBounds:IsValid=true, Min=(X=1570.000 Y=765.000 Z=0.000), Max=(X=1765.000 Y=960.000 Z=250.000) RuntimeBounds:IsValid=true, Min=(X=1570.000 Y=765.000 Z=0.000), Max=(X=1765.000 Y=960.000 Z=250.000) RuntimeGrid:None EditorOnly:false RuntimeOnly:false HLODRelevant:true ListedInSceneOutliner:true IsMainWorldOnly:false
 |   |   |- Guid:1E56C1624EA88C3DB8328496BA24250D NativeClass:/Script/Engine.StaticMeshActor Name:StaticMeshActor_UAID_74563C2BF55390C002_1354268605 Label:Suelo_M_2 SpatiallyLoaded:true EditorBounds:IsValid=true, Min=(X=1570.000 Y=1160.000 Z=-0.000), Max=(X=1770.000 Y=1260.000 Z=0.000) RuntimeBounds:IsValid=true, Min=(X=1570.000 Y=1160.000 Z=-0.000), Max=(X=1770.000 Y=1260.000 Z=0.000) RuntimeGrid:None EditorOnly:false RuntimeOnly:false HLODRelevant:true ListedInSceneOutliner:true IsMainWorldOnly:false
 |   |   |- Guid:21262252453B37957EF29F82ABA2413B NativeClass:/Script/Engine.TextRenderActor Name:TextRenderActor_1 Label:TextRenderActor SpatiallyLoaded:true EditorBounds:IsValid=true, Min=(X=-0.100 Y=1100.000 Z=65.013), Max=(X=-0.100 Y=2363.461 Z=215.013) RuntimeBounds:IsValid=true, Min=(X=-0.100 Y=1100.000 Z=65.013), Max=(X=-0.100 Y=2363.461 Z=215.013) RuntimeGrid:None EditorOnly:false RuntimeOnly:false HLODRelevant:false ListedInSceneOutliner:true IsMainWorldOnly:false
 |   |   |- Guid:31A1D4A6420FE90ACBA1B7976927861C NativeClass:/Script/Engine.StaticMeshActor Name:StaticMeshActor_UAID_74563C2BF55390C002_1362925608 Label:Suelo_Triangular SpatiallyLoaded:true EditorBounds:IsValid=true, Min=(X=970.000 Y=760.000 Z=-0.000), Max=(X=1170.000 Y=960.000 Z=0.000) RuntimeBounds:IsValid=true, Min=(X=970.000 Y=760.000 Z=-0.000), Max=(X=1170.000 Y=960.000 Z=0.000) RuntimeGrid:None EditorOnly:false RuntimeOnly:false HLODRelevant:true ListedInSceneOutliner:true IsMainWorldOnly:false
 |   |   |- Guid:44EBEDD54FC4A6943166A5A4BDE4A315 NativeClass:/Script/Engine.StaticMeshActor Name:StaticMeshActor_UAID_74563C2BF55390C002_1196283595 Label:Intento_Block_out_V2_UVs_Hechas_Pared_Basica_V6 SpatiallyLoaded:true EditorBounds:IsValid=true, Min=(X=1469.969 Y=1253.000 Z=0.000), Max=(X=1670.000 Y=1255.000 Z=250.000) RuntimeBounds:IsValid=true, Min=(X=1469.969 Y=1253.000 Z=0.000), Max=(X=1670.000 Y=1255.000 Z=250.000) RuntimeGrid:None EditorOnly:false RuntimeOnly:false HLODRelevant:true ListedInSceneOutliner:true IsMainWorldOnly:false
 |   |   |- Guid:4B5C01A1457F32A78C4709B97B49B0B3 NativeClass:/Script/Engine.StaticMeshActor Name:StaticMeshActor_UAID_74563C2BF55390C002_1313766598 Label:Suelo_1 SpatiallyLoaded:true EditorBounds:IsValid=true, Min=(X=970.000 Y=960.000 Z=-0.000), Max=(X=1170.000 Y=1160.000 Z=0.000) RuntimeBounds:IsValid=true, Min=(X=970.000 Y=960.000 Z=-0.000), Max=(X=1170.000 Y=1160.000 Z=0.000) RuntimeGrid:None EditorOnly:false RuntimeOnly:false HLODRelevant:true ListedInSceneOutliner:true IsMainWorldOnly:false
 |   |   |- Guid:503301344EDD2580C9B8269BA1FF0C83 NativeClass:/Script/Engine.StaticMeshActor Name:StaticMeshActor_29 Label:SM_ChamferCube4 SpatiallyLoaded:true EditorBounds:IsValid=true, Min=(X=334.338 Y=334.338 Z=0.063), Max=(X=545.662 Y=545.662 Z=150.063) RuntimeBounds:IsValid=true, Min=(X=334.338 Y=334.338 Z=0.063), Max=(X=545.662 Y=545.662 Z=150.063) RuntimeGrid:None EditorOnly:false RuntimeOnly:false HLODRelevant:false ListedInSceneOutliner:true IsMainWorldOnly:false FolderPath:SimulatedCubes FolderGuid:9AEEADCB4DC6C647D6E7C0B4EDA1744F
 |   |   |- Guid:5BAE76FD4B4E8210610456BB59EC7DF2 NativeClass:/Script/Engine.StaticMeshActor Name:StaticMeshActor_UAID_74563C2BF55390C002_1343844603 Label:Suelo_6 SpatiallyLoaded:true EditorBounds:IsValid=true, Min=(X=1570.000 Y=960.000 Z=-0.000), Max=(X=1770.000 Y=1160.000 Z=0.000) RuntimeBounds:IsValid=true, Min=(X=1570.000 Y=960.000 Z=-0.000), Max=(X=1770.000 Y=1160.000 Z=0.000) RuntimeGrid:None EditorOnly:false RuntimeOnly:false HLODRelevant:true ListedInSceneOutliner:true IsMainWorldOnly:false
 |   |   |- Guid:5FE7584649BB6F09265329A6C57CFD0D NativeClass:/Script/Engine.VolumetricCloud Name:VolumetricCloud_0 Label:VolumetricCloud SpatiallyLoaded:false EditorBounds:IsValid=true, Min=(X=0.000 Y=0.000 Z=820.000), Max=(X=0.000 Y=0.000 Z=820.000) RuntimeBounds:IsValid=true, Min=(X=0.000 Y=0.000 Z=820.000), Max=(X=0.000 Y=0.000 Z=820.000) RuntimeGrid:None EditorOnly:false RuntimeOnly:false HLODRelevant:false ListedInSceneOutliner:true IsMainWorldOnly:false FolderPath:Lighting FolderGuid:0BA5F0A04EADB18E70D5B180D08FA34B
 |   |   |- Guid:61391D344900612A77DFC3BA3E354907 NativeClass:/Script/Engine.ExponentialHeightFog Name:ExponentialHeightFog_0 Label:ExponentialHeightFog SpatiallyLoaded:false EditorBounds:IsValid=true, Min=(X=-5600.000 Y=-50.000 Z=-6850.000), Max=(X=-5600.000 Y=-50.000 Z=-6850.000) RuntimeBounds:IsValid=true, Min=(X=-5600.000 Y=-50.000 Z=-6850.000), Max=(X=-5600.000 Y=-50.000 Z=-6850.000) RuntimeGrid:None EditorOnly:false RuntimeOnly:false HLODRelevant:false ListedInSceneOutliner:true IsMainWorldOnly:false FolderPath:Lighting FolderGuid:0BA5F0A04EADB18E70D5B180D08FA34B
 |   |   |- Guid:618F02EE4E72EEC91D0DB6953FDF3626 NativeClass:/Script/Engine.StaticMeshActor Name:StaticMeshActor_UAID_74563C2BF55390C002_1357888607 Label:Suelo_M_4 SpatiallyLoaded:true EditorBounds:IsValid=true, Min=(X=980.000 Y=1160.000 Z=-0.000), Max=(X=1180.000 Y=1260.000 Z=0.000) RuntimeBounds:IsValid=true, Min=(X=980.000 Y=1160.000 Z=-0.000), Max=(X=1180.000 Y=1260.000 Z=0.000) RuntimeGrid:None EditorOnly:false RuntimeOnly:false HLODRelevant:true ListedInSceneOutliner:true IsMainWorldOnly:false
 |   |   |- Guid:6FEFB3BD4EB37B849EF0D4AC80F83855 NativeClass:/Script/Engine.WorldDataLayers Name:WorldDataLayers Label:WorldDataLayers SpatiallyLoaded:false EditorBounds:IsValid=true, Min=(X=0.000 Y=0.000 Z=0.000), Max=(X=0.000 Y=0.000 Z=0.000) RuntimeBounds:IsValid=true, Min=(X=0.000 Y=0.000 Z=0.000), Max=(X=0.000 Y=0.000 Z=0.000) RuntimeGrid:None EditorOnly:false RuntimeOnly:false HLODRelevant:false ListedInSceneOutliner:true IsMainWorldOnly:true
 |   |   |- Guid:71CAA01F4A19DDE0B3C1EAAC8412C613 NativeClass:/Script/Engine.StaticMeshActor Name:StaticMeshActor_UAID_74563C2BF55390C002_1337743601 Label:Suelo_4 SpatiallyLoaded:true EditorBounds:IsValid=true, Min=(X=1370.000 Y=760.000 Z=-0.000), Max=(X=1570.000 Y=960.000 Z=0.000) RuntimeBounds:IsValid=true, Min=(X=1370.000 Y=760.000 Z=-0.000), Max=(X=1570.000 Y=960.000 Z=0.000) RuntimeGrid:None EditorOnly:false RuntimeOnly:false HLODRelevant:true ListedInSceneOutliner:true IsMainWorldOnly:false
 |   |   |- Guid:7F1FB06044F531CC411DA49E9094E59D NativeClass:/Script/Engine.StaticMeshActor Name:StaticMeshActor_UAID_74563C2BF55390C002_1252214597 Label:Intento_Block_out_V2_UVs_Hechas_Pared_Basica_V7 SpatiallyLoaded:true EditorBounds:IsValid=true, Min=(X=1763.000 Y=960.000 Z=0.000), Max=(X=1765.000 Y=1160.031 Z=250.000) RuntimeBounds:IsValid=true, Min=(X=1763.000 Y=960.000 Z=0.000), Max=(X=1765.000 Y=1160.031 Z=250.000) RuntimeGrid:None EditorOnly:false RuntimeOnly:false HLODRelevant:true ListedInSceneOutliner:true IsMainWorldOnly:false
 |   |   |- Guid:8AAA8B9D4B9097BEFDBD9D9F11C302F6 NativeClass:/Script/Engine.StaticMeshActor Name:StaticMeshActor_UAID_74563C2BF55390C002_1340442602 Label:Suelo_5 SpatiallyLoaded:true EditorBounds:IsValid=true, Min=(X=1170.000 Y=760.000 Z=-0.000), Max=(X=1370.000 Y=960.000 Z=0.000) RuntimeBounds:IsValid=true, Min=(X=1170.000 Y=760.000 Z=-0.000), Max=(X=1370.000 Y=960.000 Z=0.000) RuntimeGrid:None EditorOnly:false RuntimeOnly:false HLODRelevant:true ListedInSceneOutliner:true IsMainWorldOnly:false
 |   |   |- Guid:A2C3DCD6412166645F425D87E52F7745 NativeClass:/Script/Engine.PointLight Name:PointLight_UAID_74563CF9A143FCBF02_1198941553 Label:PointLight SpatiallyLoaded:true EditorBounds:IsValid=true, Min=(X=120.000 Y=210.000 Z=-870.000), Max=(X=2120.000 Y=2210.000 Z=1130.000) RuntimeBounds:IsValid=true, Min=(X=120.000 Y=210.000 Z=-870.000), Max=(X=2120.000 Y=2210.000 Z=1130.000) RuntimeGrid:None EditorOnly:false RuntimeOnly:false HLODRelevant:false ListedInSceneOutliner:true IsMainWorldOnly:false
 |   |   |- Guid:A354B1B24E617A525DC6B48CCDE2417E NativeClass:/Script/Engine.PlayerStart Name:PlayerStart_0 Label:PlayerStart SpatiallyLoaded:false EditorBounds:IsValid=true, Min=(X=1082.000 Y=902.000 Z=-35.987), Max=(X=1450.000 Y=1158.000 Z=220.013) RuntimeBounds:IsValid=true, Min=(X=1170.000 Y=990.000 Z=0.013), Max=(X=1250.000 Y=1070.000 Z=184.013) RuntimeGrid:None EditorOnly:false RuntimeOnly:false HLODRelevant:false ListedInSceneOutliner:true IsMainWorldOnly:false
 |   |   |- Guid:AD71EBD24A8F10060C26619387C30127 NativeClass:/Script/Engine.StaticMeshActor Name:StaticMeshActor_UAID_74563CF9A143FBBF02_2135433376 Label:SM_Cube17 SpatiallyLoaded:true EditorBounds:IsValid=true, Min=(X=900.000 Y=860.000 Z=250.000), Max=(X=1500.000 Y=1460.000 Z=300.000) RuntimeBounds:IsValid=true, Min=(X=900.000 Y=860.000 Z=250.000), Max=(X=1500.000 Y=1460.000 Z=300.000) RuntimeGrid:None EditorOnly:false RuntimeOnly:false HLODRelevant:true ListedInSceneOutliner:true IsMainWorldOnly:false FolderPath:Block04 FolderGuid:D00C3F324D055BED943FA6B0235C7FA2
 |   |   |- Guid:B1B797CC4A43C326C77696881D631AD0 NativeClass:/Script/Engine.StaticMeshActor Name:StaticMeshActor_UAID_74563CF9A143FCBF02_1655195556 Label:Intento_Block_out_V2_UVs_Hechas_Pared_Marco_Puerta003 SpatiallyLoaded:true EditorBounds:IsValid=true, Min=(X=963.000 Y=960.000 Z=0.000), Max=(X=977.000 Y=1160.000 Z=250.000) RuntimeBounds:IsValid=true, Min=(X=963.000 Y=960.000 Z=0.000), Max=(X=977.000 Y=1160.000 Z=250.000) RuntimeGrid:None EditorOnly:false RuntimeOnly:false HLODRelevant:true ListedInSceneOutliner:true IsMainWorldOnly:false
 |   |   |- Guid:BA78FBE445C38B50C3AEA68A70F885A5 NativeClass:/Script/Engine.StaticMeshActor Name:StaticMeshActor_UAID_74563CF9A143FCBF02_1655196557 Label:Intento_Block_out_V2_UVs_Hechas_Pared_Esqui_Basica SpatiallyLoaded:true EditorBounds:IsValid=true, Min=(X=975.000 Y=1160.000 Z=0.000), Max=(X=1070.000 Y=1255.000 Z=250.000) RuntimeBounds:IsValid=true, Min=(X=975.000 Y=1160.000 Z=0.000), Max=(X=1070.000 Y=1255.000 Z=250.000) RuntimeGrid:None EditorOnly:false RuntimeOnly:false HLODRelevant:true ListedInSceneOutliner:true IsMainWorldOnly:false
 |   |   |- Guid:C0C56B9644AE3D40CAFF6A878DB29844 NativeClass:/Script/Engine.StaticMeshActor Name:StaticMeshActor_UAID_A4AE111137DC5EFB00_2001720423 Label:SM_SkySphere SpatiallyLoaded:false EditorBounds:IsValid=true, Min=(X=-1638400.000 Y=-1638400.000 Z=-1638400.000), Max=(X=1638400.000 Y=1638400.000 Z=1638400.000) RuntimeBounds:IsValid=true, Min=(X=-1638400.000 Y=-1638400.000 Z=-1638400.000), Max=(X=1638400.000 Y=1638400.000 Z=1638400.000) RuntimeGrid:None EditorOnly:false RuntimeOnly:false HLODRelevant:true ListedInSceneOutliner:true IsMainWorldOnly:false FolderPath:Lighting FolderGuid:0BA5F0A04EADB18E70D5B180D08FA34B
 |   |   |- Guid:C0DEA37145F97A71EC17B2B5953B5CFF NativeClass:/Script/Engine.StaticMeshActor Name:StaticMeshActor_UAID_74563C2BF55390C002_1168791591 Label:Intento_Block_out_V2_UVs_Hechas_Pared_Basica_V3 SpatiallyLoaded:true EditorBounds:IsValid=true, Min=(X=1370.000 Y=765.000 Z=0.000), Max=(X=1570.031 Y=767.000 Z=250.000) RuntimeBounds:IsValid=true, Min=(X=1370.000 Y=765.000 Z=0.000), Max=(X=1570.031 Y=767.000 Z=250.000) RuntimeGrid:None EditorOnly:false RuntimeOnly:false HLODRelevant:true ListedInSceneOutliner:true IsMainWorldOnly:false
 |   |   |- Guid:C11A89E14A68E80BD8CBF4A3A85B08BB NativeClass:/Script/Engine.StaticMeshActor Name:StaticMeshActor_UAID_74563C2BF55390C002_1330183599 Label:Suelo_2 SpatiallyLoaded:true EditorBounds:IsValid=true, Min=(X=1170.000 Y=960.000 Z=-0.000), Max=(X=1370.000 Y=1160.000 Z=0.000) RuntimeBounds:IsValid=true, Min=(X=1170.000 Y=960.000 Z=-0.000), Max=(X=1370.000 Y=1160.000 Z=0.000) RuntimeGrid:None EditorOnly:false RuntimeOnly:false HLODRelevant:true ListedInSceneOutliner:true IsMainWorldOnly:false
 |   |   |- Guid:C22CE07C4B87D685137FDBBC10FC92C6 NativeClass:/Script/Engine.SkyAtmosphere Name:SkyAtmosphere_0 Label:SkyAtmosphere SpatiallyLoaded:false EditorBounds:IsValid=true, Min=(X=0.000 Y=0.000 Z=1020.000), Max=(X=0.000 Y=0.000 Z=1020.000) RuntimeBounds:IsValid=true, Min=(X=0.000 Y=0.000 Z=1020.000), Max=(X=0.000 Y=0.000 Z=1020.000) RuntimeGrid:None EditorOnly:false RuntimeOnly:false HLODRelevant:false ListedInSceneOutliner:true IsMainWorldOnly:false FolderPath:Lighting FolderGuid:0BA5F0A04EADB18E70D5B180D08FA34B
 |   |   |- Guid:C5EF6799462B0149B8780681131F4C55 NativeClass:/Script/Engine.StaticMeshActor Name:StaticMeshActor_UAID_74563C2BF55390C002_1374198609 Label:Suelo_Triangular2 SpatiallyLoaded:true EditorBounds:IsValid=true, Min=(X=1570.000 Y=760.000 Z=-0.000), Max=(X=1770.000 Y=960.000 Z=0.000) RuntimeBounds:IsValid=true, Min=(X=1570.000 Y=760.000 Z=-0.000), Max=(X=1770.000 Y=960.000 Z=0.000) RuntimeGrid:None EditorOnly:false RuntimeOnly:false HLODRelevant:true ListedInSceneOutliner:true IsMainWorldOnly:false
 |   |   |- Guid:CDCC6A3A4FF58A2D8FD45B91B4A17BF6 NativeClass:/Script/Engine.StaticMeshActor Name:StaticMeshActor_UAID_74563C2BF55390C002_1355867606 Label:Suelo_M_3 SpatiallyLoaded:true EditorBounds:IsValid=true, Min=(X=1170.000 Y=1160.000 Z=-0.000), Max=(X=1370.000 Y=1260.000 Z=0.000) RuntimeBounds:IsValid=true, Min=(X=1170.000 Y=1160.000 Z=-0.000), Max=(X=1370.000 Y=1260.000 Z=0.000) RuntimeGrid:None EditorOnly:false RuntimeOnly:false HLODRelevant:true ListedInSceneOutliner:true IsMainWorldOnly:false
 |   |   |- Guid:CE8D82634660FCDB3120E2B8D547C533 NativeClass:/Script/Engine.PostProcessVolume Name:PostProcessVolume_0 Label:PostProcessVolume SpatiallyLoaded:false EditorBounds:IsValid=true, Min=(X=0.000 Y=0.000 Z=400.000), Max=(X=200.000 Y=200.000 Z=600.000) RuntimeBounds:IsValid=true, Min=(X=0.000 Y=0.000 Z=400.000), Max=(X=200.000 Y=200.000 Z=600.000) RuntimeGrid:None EditorOnly:false RuntimeOnly:false HLODRelevant:false ListedInSceneOutliner:true IsMainWorldOnly:false FolderPath:Lighting FolderGuid:0BA5F0A04EADB18E70D5B180D08FA34B
 |   |   |- Guid:D030D7E0471E82EC8743FCBCA8011E8C NativeClass:/Script/Engine.StaticMeshActor Name:StaticMeshActor_UAID_74563C2BF55390C002_1184285593 Label:Intento_Block_out_V2_UVs_Hechas_Pared_Basica_V4 SpatiallyLoaded:true EditorBounds:IsValid=true, Min=(X=1069.969 Y=1253.000 Z=0.000), Max=(X=1270.000 Y=1255.000 Z=250.000) RuntimeBounds:IsValid=true, Min=(X=1069.969 Y=1253.000 Z=0.000), Max=(X=1270.000 Y=1255.000 Z=250.000) RuntimeGrid:None EditorOnly:false RuntimeOnly:false HLODRelevant:true ListedInSceneOutliner:true IsMainWorldOnly:false
 |   |   |- Guid:D44E70C24C98BA53724594BE8B6E61F9 NativeClass:/Script/Engine.StaticMeshActor Name:StaticMeshActor_UAID_74563CF9A143FCBF02_1655194555 Label:Intento_Block_out_V2_UVs_Hechas_Pared_Diagonal_V2 SpatiallyLoaded:true EditorBounds:IsValid=true, Min=(X=975.000 Y=765.000 Z=0.000), Max=(X=1170.000 Y=960.000 Z=250.000) RuntimeBounds:IsValid=true, Min=(X=975.000 Y=765.000 Z=0.000), Max=(X=1170.000 Y=960.000 Z=250.000) RuntimeGrid:None EditorOnly:false RuntimeOnly:false HLODRelevant:true ListedInSceneOutliner:true IsMainWorldOnly:false
 |   |   |- Guid:E5320C1B4FD9764CE7B54D8487AEC613 NativeClass:/Script/Engine.SkyLight Name:SkyLight_0 Label:SkyLight SpatiallyLoaded:false EditorBounds:IsValid=true, Min=(X=0.000 Y=0.000 Z=690.000), Max=(X=0.000 Y=0.000 Z=690.000) RuntimeBounds:IsValid=true, Min=(X=0.000 Y=0.000 Z=690.000), Max=(X=0.000 Y=0.000 Z=690.000) RuntimeGrid:None EditorOnly:false RuntimeOnly:false HLODRelevant:false ListedInSceneOutliner:true IsMainWorldOnly:false FolderPath:Lighting FolderGuid:0BA5F0A04EADB18E70D5B180D08FA34B
 |   |   |- Guid:EFA227EF4ED36CB471D016B55286354E NativeClass:/Script/Engine.StaticMeshActor Name:StaticMeshActor_UAID_74563CF9A143FCBF02_1655190554 Label:Intento_Block_out_V2_UVs_Hechas_Pared_Basica_V2 SpatiallyLoaded:true EditorBounds:IsValid=true, Min=(X=1170.000 Y=765.000 Z=0.000), Max=(X=1370.031 Y=767.000 Z=250.000) RuntimeBounds:IsValid=true, Min=(X=1170.000 Y=765.000 Z=0.000), Max=(X=1370.031 Y=767.000 Z=250.000) RuntimeGrid:None EditorOnly:false RuntimeOnly:false HLODRelevant:true ListedInSceneOutliner:true IsMainWorldOnly:false
 |   |- [+] Clusters:
 |   |   |- [+] [  0]
 |   |   |   |- Guid:02191B3C46F31CF7D6633CBA17565F26 NativeClass:/Script/Engine.StaticMeshActor Name:StaticMeshActor_UAID_74563C2BF55390C002_1193002594 Label:Intento_Block_out_V2_UVs_Hechas_Pared_Basica_V5 SpatiallyLoaded:true EditorBounds:IsValid=true, Min=(X=1269.969 Y=1253.000 Z=0.000), Max=(X=1470.000 Y=1255.000 Z=250.000) RuntimeBounds:IsValid=true, Min=(X=1269.969 Y=1253.000 Z=0.000), Max=(X=1470.000 Y=1255.000 Z=250.000) RuntimeGrid:None EditorOnly:false RuntimeOnly:false HLODRelevant:true ListedInSceneOutliner:true IsMainWorldOnly:false
 |   |   |- [+] [  1]
 |   |   |   |- Guid:06D94AC149835922218D7386635A846F NativeClass:/Script/Engine.StaticMeshActor Name:StaticMeshActor_UAID_74563C2BF55390C002_1349031604 Label:Suelo_M_1 SpatiallyLoaded:true EditorBounds:IsValid=true, Min=(X=1370.000 Y=1160.000 Z=-0.000), Max=(X=1570.000 Y=1260.000 Z=0.000) RuntimeBounds:IsValid=true, Min=(X=1370.000 Y=1160.000 Z=-0.000), Max=(X=1570.000 Y=1260.000 Z=0.000) RuntimeGrid:None EditorOnly:false RuntimeOnly:false HLODRelevant:true ListedInSceneOutliner:true IsMainWorldOnly:false
 |   |   |- [+] [  2]
 |   |   |   |- Guid:0CC4AA4E4F56A064AE23A9B302B1914F NativeClass:/Script/Engine.StaticMeshActor Name:StaticMeshActor_UAID_74563C2BF55390C002_1334860600 Label:Suelo_3 SpatiallyLoaded:true EditorBounds:IsValid=true, Min=(X=1370.000 Y=960.000 Z=-0.000), Max=(X=1570.000 Y=1160.000 Z=0.000) RuntimeBounds:IsValid=true, Min=(X=1370.000 Y=960.000 Z=-0.000), Max=(X=1570.000 Y=1160.000 Z=0.000) RuntimeGrid:None EditorOnly:false RuntimeOnly:false HLODRelevant:true ListedInSceneOutliner:true IsMainWorldOnly:false
 |   |   |- [+] [  3]
 |   |   |   |- Guid:17834A2B436FF60CC4C304A4E362F997 NativeClass:/Script/Engine.StaticMeshActor Name:StaticMeshActor_UAID_74563C2BF55390C002_1199267596 Label:Intento_Block_out_V2_UVs_Hechas_Pared_Esqui_Basica2 SpatiallyLoaded:true EditorBounds:IsValid=true, Min=(X=1670.000 Y=1160.000 Z=0.000), Max=(X=1765.000 Y=1255.000 Z=250.000) RuntimeBounds:IsValid=true, Min=(X=1670.000 Y=1160.000 Z=0.000), Max=(X=1765.000 Y=1255.000 Z=250.000) RuntimeGrid:None EditorOnly:false RuntimeOnly:false HLODRelevant:true ListedInSceneOutliner:true IsMainWorldOnly:false
 |   |   |- [+] [  4]
 |   |   |   |- Guid:1A72254D4F54BAF867B1B9808947BC2A NativeClass:/Script/Engine.StaticMeshActor Name:StaticMeshActor_UAID_74563C2BF55390C002_1171360592 Label:Intento_Block_out_V2_UVs_Hechas_Pared_Diagonal_V3 SpatiallyLoaded:true EditorBounds:IsValid=true, Min=(X=1570.000 Y=765.000 Z=0.000), Max=(X=1765.000 Y=960.000 Z=250.000) RuntimeBounds:IsValid=true, Min=(X=1570.000 Y=765.000 Z=0.000), Max=(X=1765.000 Y=960.000 Z=250.000) RuntimeGrid:None EditorOnly:false RuntimeOnly:false HLODRelevant:true ListedInSceneOutliner:true IsMainWorldOnly:false
 |   |   |- [+] [  5]
 |   |   |   |- Guid:1E56C1624EA88C3DB8328496BA24250D NativeClass:/Script/Engine.StaticMeshActor Name:StaticMeshActor_UAID_74563C2BF55390C002_1354268605 Label:Suelo_M_2 SpatiallyLoaded:true EditorBounds:IsValid=true, Min=(X=1570.000 Y=1160.000 Z=-0.000), Max=(X=1770.000 Y=1260.000 Z=0.000) RuntimeBounds:IsValid=true, Min=(X=1570.000 Y=1160.000 Z=-0.000), Max=(X=1770.000 Y=1260.000 Z=0.000) RuntimeGrid:None EditorOnly:false RuntimeOnly:false HLODRelevant:true ListedInSceneOutliner:true IsMainWorldOnly:false
 |   |   |- [+] [  6]
 |   |   |   |- Guid:21262252453B37957EF29F82ABA2413B NativeClass:/Script/Engine.TextRenderActor Name:TextRenderActor_1 Label:TextRenderActor SpatiallyLoaded:true EditorBounds:IsValid=true, Min=(X=-0.100 Y=1100.000 Z=65.013), Max=(X=-0.100 Y=2363.461 Z=215.013) RuntimeBounds:IsValid=true, Min=(X=-0.100 Y=1100.000 Z=65.013), Max=(X=-0.100 Y=2363.461 Z=215.013) RuntimeGrid:None EditorOnly:false RuntimeOnly:false HLODRelevant:false ListedInSceneOutliner:true IsMainWorldOnly:false
 |   |   |- [+] [  7]
 |   |   |   |- Guid:31A1D4A6420FE90ACBA1B7976927861C NativeClass:/Script/Engine.StaticMeshActor Name:StaticMeshActor_UAID_74563C2BF55390C002_1362925608 Label:Suelo_Triangular SpatiallyLoaded:true EditorBounds:IsValid=true, Min=(X=970.000 Y=760.000 Z=-0.000), Max=(X=1170.000 Y=960.000 Z=0.000) RuntimeBounds:IsValid=true, Min=(X=970.000 Y=760.000 Z=-0.000), Max=(X=1170.000 Y=960.000 Z=0.000) RuntimeGrid:None EditorOnly:false RuntimeOnly:false HLODRelevant:true ListedInSceneOutliner:true IsMainWorldOnly:false
 |   |   |- [+] [  8]
 |   |   |   |- Guid:44EBEDD54FC4A6943166A5A4BDE4A315 NativeClass:/Script/Engine.StaticMeshActor Name:StaticMeshActor_UAID_74563C2BF55390C002_1196283595 Label:Intento_Block_out_V2_UVs_Hechas_Pared_Basica_V6 SpatiallyLoaded:true EditorBounds:IsValid=true, Min=(X=1469.969 Y=1253.000 Z=0.000), Max=(X=1670.000 Y=1255.000 Z=250.000) RuntimeBounds:IsValid=true, Min=(X=1469.969 Y=1253.000 Z=0.000), Max=(X=1670.000 Y=1255.000 Z=250.000) RuntimeGrid:None EditorOnly:false RuntimeOnly:false HLODRelevant:true ListedInSceneOutliner:true IsMainWorldOnly:false
 |   |   |- [+] [  9]
 |   |   |   |- Guid:4B5C01A1457F32A78C4709B97B49B0B3 NativeClass:/Script/Engine.StaticMeshActor Name:StaticMeshActor_UAID_74563C2BF55390C002_1313766598 Label:Suelo_1 SpatiallyLoaded:true EditorBounds:IsValid=true, Min=(X=970.000 Y=960.000 Z=-0.000), Max=(X=1170.000 Y=1160.000 Z=0.000) RuntimeBounds:IsValid=true, Min=(X=970.000 Y=960.000 Z=-0.000), Max=(X=1170.000 Y=1160.000 Z=0.000) RuntimeGrid:None EditorOnly:false RuntimeOnly:false HLODRelevant:true ListedInSceneOutliner:true IsMainWorldOnly:false
 |   |   |- [+] [ 10]
 |   |   |   |- Guid:503301344EDD2580C9B8269BA1FF0C83 NativeClass:/Script/Engine.StaticMeshActor Name:StaticMeshActor_29 Label:SM_ChamferCube4 SpatiallyLoaded:true EditorBounds:IsValid=true, Min=(X=334.338 Y=334.338 Z=0.063), Max=(X=545.662 Y=545.662 Z=150.063) RuntimeBounds:IsValid=true, Min=(X=334.338 Y=334.338 Z=0.063), Max=(X=545.662 Y=545.662 Z=150.063) RuntimeGrid:None EditorOnly:false RuntimeOnly:false HLODRelevant:false ListedInSceneOutliner:true IsMainWorldOnly:false FolderPath:SimulatedCubes FolderGuid:9AEEADCB4DC6C647D6E7C0B4EDA1744F
 |   |   |- [+] [ 11]
 |   |   |   |- Guid:5BAE76FD4B4E8210610456BB59EC7DF2 NativeClass:/Script/Engine.StaticMeshActor Name:StaticMeshActor_UAID_74563C2BF55390C002_1343844603 Label:Suelo_6 SpatiallyLoaded:true EditorBounds:IsValid=true, Min=(X=1570.000 Y=960.000 Z=-0.000), Max=(X=1770.000 Y=1160.000 Z=0.000) RuntimeBounds:IsValid=true, Min=(X=1570.000 Y=960.000 Z=-0.000), Max=(X=1770.000 Y=1160.000 Z=0.000) RuntimeGrid:None EditorOnly:false RuntimeOnly:false HLODRelevant:true ListedInSceneOutliner:true IsMainWorldOnly:false
 |   |   |- [+] [ 12]
 |   |   |   |- Guid:5FE7584649BB6F09265329A6C57CFD0D NativeClass:/Script/Engine.VolumetricCloud Name:VolumetricCloud_0 Label:VolumetricCloud SpatiallyLoaded:false EditorBounds:IsValid=true, Min=(X=0.000 Y=0.000 Z=820.000), Max=(X=0.000 Y=0.000 Z=820.000) RuntimeBounds:IsValid=true, Min=(X=0.000 Y=0.000 Z=820.000), Max=(X=0.000 Y=0.000 Z=820.000) RuntimeGrid:None EditorOnly:false RuntimeOnly:false HLODRelevant:false ListedInSceneOutliner:true IsMainWorldOnly:false FolderPath:Lighting FolderGuid:0BA5F0A04EADB18E70D5B180D08FA34B
 |   |   |- [+] [ 13]
 |   |   |   |- Guid:61391D344900612A77DFC3BA3E354907 NativeClass:/Script/Engine.ExponentialHeightFog Name:ExponentialHeightFog_0 Label:ExponentialHeightFog SpatiallyLoaded:false EditorBounds:IsValid=true, Min=(X=-5600.000 Y=-50.000 Z=-6850.000), Max=(X=-5600.000 Y=-50.000 Z=-6850.000) RuntimeBounds:IsValid=true, Min=(X=-5600.000 Y=-50.000 Z=-6850.000), Max=(X=-5600.000 Y=-50.000 Z=-6850.000) RuntimeGrid:None EditorOnly:false RuntimeOnly:false HLODRelevant:false ListedInSceneOutliner:true IsMainWorldOnly:false FolderPath:Lighting FolderGuid:0BA5F0A04EADB18E70D5B180D08FA34B
 |   |   |- [+] [ 14]
 |   |   |   |- Guid:618F02EE4E72EEC91D0DB6953FDF3626 NativeClass:/Script/Engine.StaticMeshActor Name:StaticMeshActor_UAID_74563C2BF55390C002_1357888607 Label:Suelo_M_4 SpatiallyLoaded:true EditorBounds:IsValid=true, Min=(X=980.000 Y=1160.000 Z=-0.000), Max=(X=1180.000 Y=1260.000 Z=0.000) RuntimeBounds:IsValid=true, Min=(X=980.000 Y=1160.000 Z=-0.000), Max=(X=1180.000 Y=1260.000 Z=0.000) RuntimeGrid:None EditorOnly:false RuntimeOnly:false HLODRelevant:true ListedInSceneOutliner:true IsMainWorldOnly:false
 |   |   |- [+] [ 15]
 |   |   |   |- Guid:6FEFB3BD4EB37B849EF0D4AC80F83855 NativeClass:/Script/Engine.WorldDataLayers Name:WorldDataLayers Label:WorldDataLayers SpatiallyLoaded:false EditorBounds:IsValid=true, Min=(X=0.000 Y=0.000 Z=0.000), Max=(X=0.000 Y=0.000 Z=0.000) RuntimeBounds:IsValid=true, Min=(X=0.000 Y=0.000 Z=0.000), Max=(X=0.000 Y=0.000 Z=0.000) RuntimeGrid:None EditorOnly:false RuntimeOnly:false HLODRelevant:false ListedInSceneOutliner:true IsMainWorldOnly:true
 |   |   |- [+] [ 16]
 |   |   |   |- Guid:71CAA01F4A19DDE0B3C1EAAC8412C613 NativeClass:/Script/Engine.StaticMeshActor Name:StaticMeshActor_UAID_74563C2BF55390C002_1337743601 Label:Suelo_4 SpatiallyLoaded:true EditorBounds:IsValid=true, Min=(X=1370.000 Y=760.000 Z=-0.000), Max=(X=1570.000 Y=960.000 Z=0.000) RuntimeBounds:IsValid=true, Min=(X=1370.000 Y=760.000 Z=-0.000), Max=(X=1570.000 Y=960.000 Z=0.000) RuntimeGrid:None EditorOnly:false RuntimeOnly:false HLODRelevant:true ListedInSceneOutliner:true IsMainWorldOnly:false
 |   |   |- [+] [ 17]
 |   |   |   |- Guid:7F1FB06044F531CC411DA49E9094E59D NativeClass:/Script/Engine.StaticMeshActor Name:StaticMeshActor_UAID_74563C2BF55390C002_1252214597 Label:Intento_Block_out_V2_UVs_Hechas_Pared_Basica_V7 SpatiallyLoaded:true EditorBounds:IsValid=true, Min=(X=1763.000 Y=960.000 Z=0.000), Max=(X=1765.000 Y=1160.031 Z=250.000) RuntimeBounds:IsValid=true, Min=(X=1763.000 Y=960.000 Z=0.000), Max=(X=1765.000 Y=1160.031 Z=250.000) RuntimeGrid:None EditorOnly:false RuntimeOnly:false HLODRelevant:true ListedInSceneOutliner:true IsMainWorldOnly:false
 |   |   |- [+] [ 18]
 |   |   |   |- Guid:8AAA8B9D4B9097BEFDBD9D9F11C302F6 NativeClass:/Script/Engine.StaticMeshActor Name:StaticMeshActor_UAID_74563C2BF55390C002_1340442602 Label:Suelo_5 SpatiallyLoaded:true EditorBounds:IsValid=true, Min=(X=1170.000 Y=760.000 Z=-0.000), Max=(X=1370.000 Y=960.000 Z=0.000) RuntimeBounds:IsValid=true, Min=(X=1170.000 Y=760.000 Z=-0.000), Max=(X=1370.000 Y=960.000 Z=0.000) RuntimeGrid:None EditorOnly:false RuntimeOnly:false HLODRelevant:true ListedInSceneOutliner:true IsMainWorldOnly:false
 |   |   |- [+] [ 19]
 |   |   |   |- Guid:A2C3DCD6412166645F425D87E52F7745 NativeClass:/Script/Engine.PointLight Name:PointLight_UAID_74563CF9A143FCBF02_1198941553 Label:PointLight SpatiallyLoaded:true EditorBounds:IsValid=true, Min=(X=120.000 Y=210.000 Z=-870.000), Max=(X=2120.000 Y=2210.000 Z=1130.000) RuntimeBounds:IsValid=true, Min=(X=120.000 Y=210.000 Z=-870.000), Max=(X=2120.000 Y=2210.000 Z=1130.000) RuntimeGrid:None EditorOnly:false RuntimeOnly:false HLODRelevant:false ListedInSceneOutliner:true IsMainWorldOnly:false
 |   |   |- [+] [ 20]
 |   |   |   |- Guid:A354B1B24E617A525DC6B48CCDE2417E NativeClass:/Script/Engine.PlayerStart Name:PlayerStart_0 Label:PlayerStart SpatiallyLoaded:false EditorBounds:IsValid=true, Min=(X=1082.000 Y=902.000 Z=-35.987), Max=(X=1450.000 Y=1158.000 Z=220.013) RuntimeBounds:IsValid=true, Min=(X=1170.000 Y=990.000 Z=0.013), Max=(X=1250.000 Y=1070.000 Z=184.013) RuntimeGrid:None EditorOnly:false RuntimeOnly:false HLODRelevant:false ListedInSceneOutliner:true IsMainWorldOnly:false
 |   |   |- [+] [ 21]
 |   |   |   |- Guid:AD71EBD24A8F10060C26619387C30127 NativeClass:/Script/Engine.StaticMeshActor Name:StaticMeshActor_UAID_74563CF9A143FBBF02_2135433376 Label:SM_Cube17 SpatiallyLoaded:true EditorBounds:IsValid=true, Min=(X=900.000 Y=860.000 Z=250.000), Max=(X=1500.000 Y=1460.000 Z=300.000) RuntimeBounds:IsValid=true, Min=(X=900.000 Y=860.000 Z=250.000), Max=(X=1500.000 Y=1460.000 Z=300.000) RuntimeGrid:None EditorOnly:false RuntimeOnly:false HLODRelevant:true ListedInSceneOutliner:true IsMainWorldOnly:false FolderPath:Block04 FolderGuid:D00C3F324D055BED943FA6B0235C7FA2
 |   |   |- [+] [ 22]
 |   |   |   |- Guid:B1B797CC4A43C326C77696881D631AD0 NativeClass:/Script/Engine.StaticMeshActor Name:StaticMeshActor_UAID_74563CF9A143FCBF02_1655195556 Label:Intento_Block_out_V2_UVs_Hechas_Pared_Marco_Puerta003 SpatiallyLoaded:true EditorBounds:IsValid=true, Min=(X=963.000 Y=960.000 Z=0.000), Max=(X=977.000 Y=1160.000 Z=250.000) RuntimeBounds:IsValid=true, Min=(X=963.000 Y=960.000 Z=0.000), Max=(X=977.000 Y=1160.000 Z=250.000) RuntimeGrid:None EditorOnly:false RuntimeOnly:false HLODRelevant:true ListedInSceneOutliner:true IsMainWorldOnly:false
 |   |   |- [+] [ 23]
 |   |   |   |- Guid:BA78FBE445C38B50C3AEA68A70F885A5 NativeClass:/Script/Engine.StaticMeshActor Name:StaticMeshActor_UAID_74563CF9A143FCBF02_1655196557 Label:Intento_Block_out_V2_UVs_Hechas_Pared_Esqui_Basica SpatiallyLoaded:true EditorBounds:IsValid=true, Min=(X=975.000 Y=1160.000 Z=0.000), Max=(X=1070.000 Y=1255.000 Z=250.000) RuntimeBounds:IsValid=true, Min=(X=975.000 Y=1160.000 Z=0.000), Max=(X=1070.000 Y=1255.000 Z=250.000) RuntimeGrid:None EditorOnly:false RuntimeOnly:false HLODRelevant:true ListedInSceneOutliner:true IsMainWorldOnly:false
 |   |   |- [+] [ 24]
 |   |   |   |- Guid:C0C56B9644AE3D40CAFF6A878DB29844 NativeClass:/Script/Engine.StaticMeshActor Name:StaticMeshActor_UAID_A4AE111137DC5EFB00_2001720423 Label:SM_SkySphere SpatiallyLoaded:false EditorBounds:IsValid=true, Min=(X=-1638400.000 Y=-1638400.000 Z=-1638400.000), Max=(X=1638400.000 Y=1638400.000 Z=1638400.000) RuntimeBounds:IsValid=true, Min=(X=-1638400.000 Y=-1638400.000 Z=-1638400.000), Max=(X=1638400.000 Y=1638400.000 Z=1638400.000) RuntimeGrid:None EditorOnly:false RuntimeOnly:false HLODRelevant:true ListedInSceneOutliner:true IsMainWorldOnly:false FolderPath:Lighting FolderGuid:0BA5F0A04EADB18E70D5B180D08FA34B
 |   |   |- [+] [ 25]
 |   |   |   |- Guid:C0DEA37145F97A71EC17B2B5953B5CFF NativeClass:/Script/Engine.StaticMeshActor Name:StaticMeshActor_UAID_74563C2BF55390C002_1168791591 Label:Intento_Block_out_V2_UVs_Hechas_Pared_Basica_V3 SpatiallyLoaded:true EditorBounds:IsValid=true, Min=(X=1370.000 Y=765.000 Z=0.000), Max=(X=1570.031 Y=767.000 Z=250.000) RuntimeBounds:IsValid=true, Min=(X=1370.000 Y=765.000 Z=0.000), Max=(X=1570.031 Y=767.000 Z=250.000) RuntimeGrid:None EditorOnly:false RuntimeOnly:false HLODRelevant:true ListedInSceneOutliner:true IsMainWorldOnly:false
 |   |   |- [+] [ 26]
 |   |   |   |- Guid:C11A89E14A68E80BD8CBF4A3A85B08BB NativeClass:/Script/Engine.StaticMeshActor Name:StaticMeshActor_UAID_74563C2BF55390C002_1330183599 Label:Suelo_2 SpatiallyLoaded:true EditorBounds:IsValid=true, Min=(X=1170.000 Y=960.000 Z=-0.000), Max=(X=1370.000 Y=1160.000 Z=0.000) RuntimeBounds:IsValid=true, Min=(X=1170.000 Y=960.000 Z=-0.000), Max=(X=1370.000 Y=1160.000 Z=0.000) RuntimeGrid:None EditorOnly:false RuntimeOnly:false HLODRelevant:true ListedInSceneOutliner:true IsMainWorldOnly:false
 |   |   |- [+] [ 27]
 |   |   |   |- Guid:C22CE07C4B87D685137FDBBC10FC92C6 NativeClass:/Script/Engine.SkyAtmosphere Name:SkyAtmosphere_0 Label:SkyAtmosphere SpatiallyLoaded:false EditorBounds:IsValid=true, Min=(X=0.000 Y=0.000 Z=1020.000), Max=(X=0.000 Y=0.000 Z=1020.000) RuntimeBounds:IsValid=true, Min=(X=0.000 Y=0.000 Z=1020.000), Max=(X=0.000 Y=0.000 Z=1020.000) RuntimeGrid:None EditorOnly:false RuntimeOnly:false HLODRelevant:false ListedInSceneOutliner:true IsMainWorldOnly:false FolderPath:Lighting FolderGuid:0BA5F0A04EADB18E70D5B180D08FA34B
 |   |   |- [+] [ 28]
 |   |   |   |- Guid:C5EF6799462B0149B8780681131F4C55 NativeClass:/Script/Engine.StaticMeshActor Name:StaticMeshActor_UAID_74563C2BF55390C002_1374198609 Label:Suelo_Triangular2 SpatiallyLoaded:true EditorBounds:IsValid=true, Min=(X=1570.000 Y=760.000 Z=-0.000), Max=(X=1770.000 Y=960.000 Z=0.000) RuntimeBounds:IsValid=true, Min=(X=1570.000 Y=760.000 Z=-0.000), Max=(X=1770.000 Y=960.000 Z=0.000) RuntimeGrid:None EditorOnly:false RuntimeOnly:false HLODRelevant:true ListedInSceneOutliner:true IsMainWorldOnly:false
 |   |   |- [+] [ 29]
 |   |   |   |- Guid:CDCC6A3A4FF58A2D8FD45B91B4A17BF6 NativeClass:/Script/Engine.StaticMeshActor Name:StaticMeshActor_UAID_74563C2BF55390C002_1355867606 Label:Suelo_M_3 SpatiallyLoaded:true EditorBounds:IsValid=true, Min=(X=1170.000 Y=1160.000 Z=-0.000), Max=(X=1370.000 Y=1260.000 Z=0.000) RuntimeBounds:IsValid=true, Min=(X=1170.000 Y=1160.000 Z=-0.000), Max=(X=1370.000 Y=1260.000 Z=0.000) RuntimeGrid:None EditorOnly:false RuntimeOnly:false HLODRelevant:true ListedInSceneOutliner:true IsMainWorldOnly:false
 |   |   |- [+] [ 30]
 |   |   |   |- Guid:CE8D82634660FCDB3120E2B8D547C533 NativeClass:/Script/Engine.PostProcessVolume Name:PostProcessVolume_0 Label:PostProcessVolume SpatiallyLoaded:false EditorBounds:IsValid=true, Min=(X=0.000 Y=0.000 Z=400.000), Max=(X=200.000 Y=200.000 Z=600.000) RuntimeBounds:IsValid=true, Min=(X=0.000 Y=0.000 Z=400.000), Max=(X=200.000 Y=200.000 Z=600.000) RuntimeGrid:None EditorOnly:false RuntimeOnly:false HLODRelevant:false ListedInSceneOutliner:true IsMainWorldOnly:false FolderPath:Lighting FolderGuid:0BA5F0A04EADB18E70D5B180D08FA34B
 |   |   |- [+] [ 31]
 |   |   |   |- Guid:D030D7E0471E82EC8743FCBCA8011E8C NativeClass:/Script/Engine.StaticMeshActor Name:StaticMeshActor_UAID_74563C2BF55390C002_1184285593 Label:Intento_Block_out_V2_UVs_Hechas_Pared_Basica_V4 SpatiallyLoaded:true EditorBounds:IsValid=true, Min=(X=1069.969 Y=1253.000 Z=0.000), Max=(X=1270.000 Y=1255.000 Z=250.000) RuntimeBounds:IsValid=true, Min=(X=1069.969 Y=1253.000 Z=0.000), Max=(X=1270.000 Y=1255.000 Z=250.000) RuntimeGrid:None EditorOnly:false RuntimeOnly:false HLODRelevant:true ListedInSceneOutliner:true IsMainWorldOnly:false
 |   |   |- [+] [ 32]
 |   |   |   |- Guid:D44E70C24C98BA53724594BE8B6E61F9 NativeClass:/Script/Engine.StaticMeshActor Name:StaticMeshActor_UAID_74563CF9A143FCBF02_1655194555 Label:Intento_Block_out_V2_UVs_Hechas_Pared_Diagonal_V2 SpatiallyLoaded:true EditorBounds:IsValid=true, Min=(X=975.000 Y=765.000 Z=0.000), Max=(X=1170.000 Y=960.000 Z=250.000) RuntimeBounds:IsValid=true, Min=(X=975.000 Y=765.000 Z=0.000), Max=(X=1170.000 Y=960.000 Z=250.000) RuntimeGrid:None EditorOnly:false RuntimeOnly:false HLODRelevant:true ListedInSceneOutliner:true IsMainWorldOnly:false
 |   |   |- [+] [ 33]
 |   |   |   |- Guid:E5320C1B4FD9764CE7B54D8487AEC613 NativeClass:/Script/Engine.SkyLight Name:SkyLight_0 Label:SkyLight SpatiallyLoaded:false EditorBounds:IsValid=true, Min=(X=0.000 Y=0.000 Z=690.000), Max=(X=0.000 Y=0.000 Z=690.000) RuntimeBounds:IsValid=true, Min=(X=0.000 Y=0.000 Z=690.000), Max=(X=0.000 Y=0.000 Z=690.000) RuntimeGrid:None EditorOnly:false RuntimeOnly:false HLODRelevant:false ListedInSceneOutliner:true IsMainWorldOnly:false FolderPath:Lighting FolderGuid:0BA5F0A04EADB18E70D5B180D08FA34B
 |   |   |- [+] [ 34]
 |   |   |   |- Guid:EFA227EF4ED36CB471D016B55286354E NativeClass:/Script/Engine.StaticMeshActor Name:StaticMeshActor_UAID_74563CF9A143FCBF02_1655190554 Label:Intento_Block_out_V2_UVs_Hechas_Pared_Basica_V2 SpatiallyLoaded:true EditorBounds:IsValid=true, Min=(X=1170.000 Y=765.000 Z=0.000), Max=(X=1370.031 Y=767.000 Z=250.000) RuntimeBounds:IsValid=true, Min=(X=1170.000 Y=765.000 Z=0.000), Max=(X=1370.031 Y=767.000 Z=250.000) RuntimeGrid:None EditorOnly:false RuntimeOnly:false HLODRelevant:true ListedInSceneOutliner:true IsMainWorldOnly:false
 |- ContainerInstances:
 |- [+] MainContainer:
 |   |-        ID: 00000000000000000000000000000000
 |   |-  ParentID: 00000000000000000000000000000000
 |   |-    Bounds: IsValid=false, Min=(X=0.000 Y=0.000 Z=0.000), Max=(X=0.000 Y=0.000 Z=0.000)
 |   |- Transform: 0.000000,0.000000,0.000000|0.000000,0.000000,-0.000000|1.000000,1.000000,1.000000
 |   |- Container: /Game/FirstPerson/Maps/FirstPersonMap
----------------------------------------------------------------------------------------------------------------
FirstPersonMap - Persistent Level
----------------------------------------------------------------------------------------------------------------
[+] Content of FirstPersonMap Persistent Level
 |- Always loaded Actor Count: 35 
 |- Actor Path: /Game/FirstPerson/Maps/FirstPersonMap.FirstPersonMap:PersistentLevel.ExponentialHeightFog_0
 |- Actor Package: /Game/__ExternalActors__/FirstPerson/Maps/FirstPersonMap/0/CL/381LM03PFI8AF9NED1SEV2
 |- Actor Path: /Game/FirstPerson/Maps/FirstPersonMap.FirstPersonMap:PersistentLevel.PlayerStart_0
 |- Actor Package: /Game/__ExternalActors__/FirstPerson/Maps/FirstPersonMap/8/Z7/W1SXRCM1KAKBJOIZDLHZ47
 |- Actor Path: /Game/FirstPerson/Maps/FirstPersonMap.FirstPersonMap:PersistentLevel.PointLight_UAID_74563CF9A143FCBF02_1198941553
 |- Actor Package: /Game/__ExternalActors__/FirstPerson/Maps/FirstPersonMap/7/P4/55IRE62JM0Z7O9Z97QE6RV
 |- Actor Path: /Game/FirstPerson/Maps/FirstPersonMap.FirstPersonMap:PersistentLevel.PostProcessVolume_0
 |- Actor Package: /Game/__ExternalActors__/FirstPerson/Maps/FirstPersonMap/E/MX/R1GV431P5FDO08OFULRA01
 |- Actor Path: /Game/FirstPerson/Maps/FirstPersonMap.FirstPersonMap:PersistentLevel.SkyAtmosphere_0
 |- Actor Package: /Game/__ExternalActors__/FirstPerson/Maps/FirstPersonMap/C/VO/VMN4G7K3NKKV6F8HTPHHDB
 |- Actor Path: /Game/FirstPerson/Maps/FirstPersonMap.FirstPersonMap:PersistentLevel.SkyLight_0
 |- Actor Package: /Game/__ExternalActors__/FirstPerson/Maps/FirstPersonMap/6/0Z/5RQIHCZ9W3UXRGL4LTLQAK
 |- Actor Path: /Game/FirstPerson/Maps/FirstPersonMap.FirstPersonMap:PersistentLevel.StaticMeshActor_29
 |- Actor Package: /Game/__ExternalActors__/FirstPerson/Maps/FirstPersonMap/C/P8/0GJ9TLQE2YKOIFZ6YHG33H
 |- Actor Path: /Game/FirstPerson/Maps/FirstPersonMap.FirstPersonMap:PersistentLevel.StaticMeshActor_UAID_74563C2BF55390C002_1168791591
 |- Actor Package: /Game/__ExternalActors__/FirstPerson/Maps/FirstPersonMap/C/HX/IRX2ZRB0NKT2RSON2R7RFE
 |- Actor Path: /Game/FirstPerson/Maps/FirstPersonMap.FirstPersonMap:PersistentLevel.StaticMeshActor_UAID_74563C2BF55390C002_1171360592
 |- Actor Package: /Game/__ExternalActors__/FirstPerson/Maps/FirstPersonMap/7/5I/TJMRE6F55RKT11HS82G6MC
 |- Actor Path: /Game/FirstPerson/Maps/FirstPersonMap.FirstPersonMap:PersistentLevel.StaticMeshActor_UAID_74563C2BF55390C002_1184285593
 |- Actor Package: /Game/__ExternalActors__/FirstPerson/Maps/FirstPersonMap/0/ZY/1FW8ZCXA4P7V0TVUTLP8Z3
 |- Actor Path: /Game/FirstPerson/Maps/FirstPersonMap.FirstPersonMap:PersistentLevel.StaticMeshActor_UAID_74563C2BF55390C002_1193002594
 |- Actor Package: /Game/__ExternalActors__/FirstPerson/Maps/FirstPersonMap/8/U3/IYIR9494PA9EJZEIP94GAC
 |- Actor Path: /Game/FirstPerson/Maps/FirstPersonMap.FirstPersonMap:PersistentLevel.StaticMeshActor_UAID_74563C2BF55390C002_1196283595
 |- Actor Package: /Game/__ExternalActors__/FirstPerson/Maps/FirstPersonMap/5/ZW/M1QSE8OC6320UCOQR5CB86
 |- Actor Path: /Game/FirstPerson/Maps/FirstPersonMap.FirstPersonMap:PersistentLevel.StaticMeshActor_UAID_74563C2BF55390C002_1199267596
 |- Actor Package: /Game/__ExternalActors__/FirstPerson/Maps/FirstPersonMap/3/01/G8N96B4Y0Z8VV3KL6HNEVQ
 |- Actor Path: /Game/FirstPerson/Maps/FirstPersonMap.FirstPersonMap:PersistentLevel.StaticMeshActor_UAID_74563C2BF55390C002_1252214597
 |- Actor Package: /Game/__ExternalActors__/FirstPerson/Maps/FirstPersonMap/B/AY/NFX5R5F2RUWSYXS9ZCY05Q
 |- Actor Path: /Game/FirstPerson/Maps/FirstPersonMap.FirstPersonMap:PersistentLevel.StaticMeshActor_UAID_74563C2BF55390C002_1313766598
 |- Actor Package: /Game/__ExternalActors__/FirstPerson/Maps/FirstPersonMap/8/LZ/JAS9QYCI8278J6BV9W1VIK
 |- Actor Path: /Game/FirstPerson/Maps/FirstPersonMap.FirstPersonMap:PersistentLevel.StaticMeshActor_UAID_74563C2BF55390C002_1330183599
 |- Actor Package: /Game/__ExternalActors__/FirstPerson/Maps/FirstPersonMap/E/I3/PYZFOBQLERLDJM20G9KBD8
 |- Actor Path: /Game/FirstPerson/Maps/FirstPersonMap.FirstPersonMap:PersistentLevel.StaticMeshActor_UAID_74563C2BF55390C002_1334860600
 |- Actor Package: /Game/__ExternalActors__/FirstPerson/Maps/FirstPersonMap/2/GQ/TYIBMAUDYTCLWO0PW8EWJ8
 |- Actor Path: /Game/FirstPerson/Maps/FirstPersonMap.FirstPersonMap:PersistentLevel.StaticMeshActor_UAID_74563C2BF55390C002_1337743601
 |- Actor Package: /Game/__ExternalActors__/FirstPerson/Maps/FirstPersonMap/C/IG/KINZWCAD9JH1UFL5T3JSLI
 |- Actor Path: /Game/FirstPerson/Maps/FirstPersonMap.FirstPersonMap:PersistentLevel.StaticMeshActor_UAID_74563C2BF55390C002_1340442602
 |- Actor Package: /Game/__ExternalActors__/FirstPerson/Maps/FirstPersonMap/B/Q6/VRQOQXV7PAZKL6JE33F69U
 |- Actor Path: /Game/FirstPerson/Maps/FirstPersonMap.FirstPersonMap:PersistentLevel.StaticMeshActor_UAID_74563C2BF55390C002_1343844603
 |- Actor Package: /Game/__ExternalActors__/FirstPerson/Maps/FirstPersonMap/3/EE/K2YY5AYYYE60PDJMK0R6K6
 |- Actor Path: /Game/FirstPerson/Maps/FirstPersonMap.FirstPersonMap:PersistentLevel.StaticMeshActor_UAID_74563C2BF55390C002_1349031604
 |- Actor Package: /Game/__ExternalActors__/FirstPerson/Maps/FirstPersonMap/D/17/ZIHN5Q626S7CMWIXQNA4KU
 |- Actor Path: /Game/FirstPerson/Maps/FirstPersonMap.FirstPersonMap:PersistentLevel.StaticMeshActor_UAID_74563C2BF55390C002_1354268605
 |- Actor Package: /Game/__ExternalActors__/FirstPerson/Maps/FirstPersonMap/0/VA/XP56TIAXFZQXOY8SSJ0N5S
 |- Actor Path: /Game/FirstPerson/Maps/FirstPersonMap.FirstPersonMap:PersistentLevel.StaticMeshActor_UAID_74563C2BF55390C002_1355867606
 |- Actor Package: /Game/__ExternalActors__/FirstPerson/Maps/FirstPersonMap/A/V0/YU24DK239DA9J7VVYV0HPN
 |- Actor Path: /Game/FirstPerson/Maps/FirstPersonMap.FirstPersonMap:PersistentLevel.StaticMeshActor_UAID_74563C2BF55390C002_1357888607
 |- Actor Package: /Game/__ExternalActors__/FirstPerson/Maps/FirstPersonMap/0/TF/CTUUTKGXBZ8DFQPILCNK49
 |- Actor Path: /Game/FirstPerson/Maps/FirstPersonMap.FirstPersonMap:PersistentLevel.StaticMeshActor_UAID_74563C2BF55390C002_1362925608
 |- Actor Package: /Game/__ExternalActors__/FirstPerson/Maps/FirstPersonMap/0/J8/KJOI57BXVBO6NNDDI3QIX0
 |- Actor Path: /Game/FirstPerson/Maps/FirstPersonMap.FirstPersonMap:PersistentLevel.StaticMeshActor_UAID_74563C2BF55390C002_1374198609
 |- Actor Package: /Game/__ExternalActors__/FirstPerson/Maps/FirstPersonMap/E/JY/NLG2GDD205JRJSC8707VO9
 |- Actor Path: /Game/FirstPerson/Maps/FirstPersonMap.FirstPersonMap:PersistentLevel.StaticMeshActor_UAID_74563CF9A143FBBF02_2135433376
 |- Actor Package: /Game/__ExternalActors__/FirstPerson/Maps/FirstPersonMap/5/WP/GPQCU3XZLABFUCMJ4UQW9F
 |- Actor Path: /Game/FirstPerson/Maps/FirstPersonMap.FirstPersonMap:PersistentLevel.StaticMeshActor_UAID_74563CF9A143FCBF02_1655190554
 |- Actor Package: /Game/__ExternalActors__/FirstPerson/Maps/FirstPersonMap/E/ZX/QWVKKPHJ9UNVLYB61GE770
 |- Actor Path: /Game/FirstPerson/Maps/FirstPersonMap.FirstPersonMap:PersistentLevel.StaticMeshActor_UAID_74563CF9A143FCBF02_1655194555
 |- Actor Package: /Game/__ExternalActors__/FirstPerson/Maps/FirstPersonMap/6/BP/3JEU7JUCXBTS40HG11LFGN
 |- Actor Path: /Game/FirstPerson/Maps/FirstPersonMap.FirstPersonMap:PersistentLevel.StaticMeshActor_UAID_74563CF9A143FCBF02_1655195556
 |- Actor Package: /Game/__ExternalActors__/FirstPerson/Maps/FirstPersonMap/0/00/BP8B3RTUVZ8KCMIZOR4PI0
 |- Actor Path: /Game/FirstPerson/Maps/FirstPersonMap.FirstPersonMap:PersistentLevel.StaticMeshActor_UAID_74563CF9A143FCBF02_1655196557
 |- Actor Package: /Game/__ExternalActors__/FirstPerson/Maps/FirstPersonMap/B/SV/5PZJ0PY44ZDYFAB2MCMQOR
 |- Actor Path: /Game/FirstPerson/Maps/FirstPersonMap.FirstPersonMap:PersistentLevel.StaticMeshActor_UAID_A4AE111137DC5EFB00_2001720423
 |- Actor Package: /Game/__ExternalActors__/FirstPerson/Maps/FirstPersonMap/C/ZU/PDQ0AB8RLNMVID876FD49G
 |- Actor Path: /Game/FirstPerson/Maps/FirstPersonMap.FirstPersonMap:PersistentLevel.TextRenderActor_1
 |- Actor Package: /Game/__ExternalActors__/FirstPerson/Maps/FirstPersonMap/1/RN/55P1SMQLAF7OK6300D5I8N
 |- Actor Path: /Game/FirstPerson/Maps/FirstPersonMap.FirstPersonMap:PersistentLevel.VolumetricCloud_0
 |- Actor Package: /Game/__ExternalActors__/FirstPerson/Maps/FirstPersonMap/0/GO/I8WEFD3RY9V3NVQLSU6QM4
 |- Actor Path: /Game/FirstPerson/Maps/FirstPersonMap.FirstPersonMap:PersistentLevel.WorldDataLayers
 |- Actor Package: /Game/__ExternalActors__/FirstPerson/Maps/FirstPersonMap/D/0W/E1FKEGVKGOLM7HGLQPCIPO

----------------------------------------------------------------------------------------------------------------
FirstPersonMap - Runtime Hash Set
----------------------------------------------------------------------------------------------------------------

